2025-08-13T11:49:28.042+05:30  INFO 19528 --- [RESTUARANT-SERVICE] [restartedMain] c.w.f.r.RestuarantServiceApplication     : Starting RestuarantServiceApplication using Java 21.0.7 with PID 19528 (E:\Iiht-Project\RESTUARANT-SERVICE\target\classes started by uttam in E:\Iiht-Project\RESTUARANT-SERVICE)
2025-08-13T11:49:28.052+05:30  INFO 19528 --- [RESTUARANT-SERVICE] [restartedMain] c.w.f.r.RestuarantServiceApplication     : No active profile set, falling back to 1 default profile: "default"
2025-08-13T11:49:28.151+05:30  INFO 19528 --- [RESTUARANT-SERVICE] [restartedMain] .e.DevToolsPropertyDefaultsPostProcessor : Devtools property defaults active! Set 'spring.devtools.add-properties' to 'false' to disable
2025-08-13T11:49:28.152+05:30  INFO 19528 --- [RESTUARANT-SERVICE] [restartedMain] .e.DevToolsPropertyDefaultsPostProcessor : For additional web related logging consider setting the 'logging.level.web' property to 'DEBUG'
2025-08-13T11:49:30.365+05:30  INFO 19528 --- [RESTUARANT-SERVICE] [restartedMain] .s.d.r.c.RepositoryConfigurationDelegate : Bootstrapping Spring Data JPA repositories in DEFAULT mode.
2025-08-13T11:49:30.607+05:30  INFO 19528 --- [RESTUARANT-SERVICE] [restartedMain] .s.d.r.c.RepositoryConfigurationDelegate : Finished Spring Data repository scanning in 228 ms. Found 1 JPA repository interface.
2025-08-13T11:49:31.000+05:30  INFO 19528 --- [RESTUARANT-SERVICE] [restartedMain] o.s.cloud.context.scope.GenericScope     : BeanFactory id=0aaca881-d966-34eb-9ae8-472cf200e1f0
2025-08-13T11:49:32.418+05:30  INFO 19528 --- [RESTUARANT-SERVICE] [restartedMain] o.s.b.w.embedded.tomcat.TomcatWebServer  : Tomcat initialized with port 8080 (http)
2025-08-13T11:49:32.443+05:30  INFO 19528 --- [RESTUARANT-SERVICE] [restartedMain] o.apache.catalina.core.StandardService   : Starting service [Tomcat]
2025-08-13T11:49:32.444+05:30  INFO 19528 --- [RESTUARANT-SERVICE] [restartedMain] o.apache.catalina.core.StandardEngine    : Starting Servlet engine: [Apache Tomcat/10.1.43]
2025-08-13T11:49:32.554+05:30  INFO 19528 --- [RESTUARANT-SERVICE] [restartedMain] o.a.c.c.C.[Tomcat].[localhost].[/]       : Initializing Spring embedded WebApplicationContext
2025-08-13T11:49:32.555+05:30  INFO 19528 --- [RESTUARANT-SERVICE] [restartedMain] w.s.c.ServletWebServerApplicationContext : Root WebApplicationContext: initialization completed in 4399 ms
2025-08-13T11:49:33.435+05:30  INFO 19528 --- [RESTUARANT-SERVICE] [restartedMain] o.hibernate.jpa.internal.util.LogHelper  : HHH000204: Processing PersistenceUnitInfo [name: default]
2025-08-13T11:49:33.618+05:30  INFO 19528 --- [RESTUARANT-SERVICE] [restartedMain] org.hibernate.Version                    : HHH000412: Hibernate ORM core version 6.6.22.Final
2025-08-13T11:49:33.702+05:30  INFO 19528 --- [RESTUARANT-SERVICE] [restartedMain] o.h.c.internal.RegionFactoryInitiator    : HHH000026: Second-level cache disabled
2025-08-13T11:49:34.445+05:30  INFO 19528 --- [RESTUARANT-SERVICE] [restartedMain] o.s.o.j.p.SpringPersistenceUnitInfo      : No LoadTimeWeaver setup: ignoring JPA class transformer
2025-08-13T11:49:34.524+05:30  INFO 19528 --- [RESTUARANT-SERVICE] [restartedMain] com.zaxxer.hikari.HikariDataSource       : HikariPool-1 - Starting...
2025-08-13T11:49:35.391+05:30  INFO 19528 --- [RESTUARANT-SERVICE] [restartedMain] com.zaxxer.hikari.pool.HikariPool        : HikariPool-1 - Added connection com.mysql.cj.jdbc.ConnectionImpl@6a175a51
2025-08-13T11:49:35.394+05:30  INFO 19528 --- [RESTUARANT-SERVICE] [restartedMain] com.zaxxer.hikari.HikariDataSource       : HikariPool-1 - Start completed.
2025-08-13T11:49:35.577+05:30  WARN 19528 --- [RESTUARANT-SERVICE] [restartedMain] org.hibernate.orm.deprecation            : HHH90000025: MySQLDialect does not need to be specified explicitly using 'hibernate.dialect' (remove the property setting and it will be selected by default)
2025-08-13T11:49:35.644+05:30  INFO 19528 --- [RESTUARANT-SERVICE] [restartedMain] org.hibernate.orm.connections.pooling    : HHH10001005: Database info:
	Database JDBC URL [Connecting through datasource 'HikariDataSource (HikariPool-1)']
	Database driver: undefined/unknown
	Database version: 8.0.41
	Autocommit mode: undefined/unknown
	Isolation level: undefined/unknown
	Minimum pool size: undefined/unknown
	Maximum pool size: undefined/unknown
2025-08-13T11:49:37.382+05:30  INFO 19528 --- [RESTUARANT-SERVICE] [restartedMain] o.h.e.t.j.p.i.JtaPlatformInitiator       : HHH000489: No JTA platform available (set 'hibernate.transaction.jta.platform' to enable JTA platform integration)
2025-08-13T11:49:37.526+05:30  INFO 19528 --- [RESTUARANT-SERVICE] [restartedMain] j.LocalContainerEntityManagerFactoryBean : Initialized JPA EntityManagerFactory for persistence unit 'default'
2025-08-13T11:49:38.065+05:30  WARN 19528 --- [RESTUARANT-SERVICE] [restartedMain] JpaBaseConfiguration$JpaWebConfiguration : spring.jpa.open-in-view is enabled by default. Therefore, database queries may be performed during view rendering. Explicitly configure spring.jpa.open-in-view to disable this warning
2025-08-13T11:49:39.619+05:30  INFO 19528 --- [RESTUARANT-SERVICE] [restartedMain] o.s.b.d.a.OptionalLiveReloadServer       : LiveReload server is running on port 35729
2025-08-13T11:49:39.709+05:30  INFO 19528 --- [RESTUARANT-SERVICE] [restartedMain] DiscoveryClientOptionalArgsConfiguration : Eureka HTTP Client uses RestTemplate.
2025-08-13T11:49:39.822+05:30  WARN 19528 --- [RESTUARANT-SERVICE] [restartedMain] iguration$LoadBalancerCaffeineWarnLogger : Spring Cloud LoadBalancer is currently working with the default cache. While this cache implementation is useful for development and tests, it's recommended to use Caffeine cache in production.You can switch to using Caffeine cache, by adding it and org.springframework.cache.caffeine.CaffeineCacheManager to the classpath.
2025-08-13T11:49:39.887+05:30  INFO 19528 --- [RESTUARANT-SERVICE] [restartedMain] o.s.b.a.e.web.EndpointLinksResolver      : Exposing 1 endpoint beneath base path '/actuator'
2025-08-13T11:49:40.088+05:30  INFO 19528 --- [RESTUARANT-SERVICE] [restartedMain] o.s.c.n.eureka.InstanceInfoFactory       : Setting initial instance status as: STARTING
2025-08-13T11:49:40.135+05:30  INFO 19528 --- [RESTUARANT-SERVICE] [restartedMain] com.netflix.discovery.DiscoveryClient    : Initializing Eureka in region us-east-1
2025-08-13T11:49:40.143+05:30  INFO 19528 --- [RESTUARANT-SERVICE] [restartedMain] c.n.d.s.r.aws.ConfigClusterResolver      : Resolving eureka endpoints via configuration
2025-08-13T11:49:40.157+05:30  INFO 19528 --- [RESTUARANT-SERVICE] [restartedMain] com.netflix.discovery.DiscoveryClient    : Disable delta property : false
2025-08-13T11:49:40.158+05:30  INFO 19528 --- [RESTUARANT-SERVICE] [restartedMain] com.netflix.discovery.DiscoveryClient    : Single vip registry refresh property : null
2025-08-13T11:49:40.158+05:30  INFO 19528 --- [RESTUARANT-SERVICE] [restartedMain] com.netflix.discovery.DiscoveryClient    : Force full registry fetch : false
2025-08-13T11:49:40.158+05:30  INFO 19528 --- [RESTUARANT-SERVICE] [restartedMain] com.netflix.discovery.DiscoveryClient    : Application is null : false
2025-08-13T11:49:40.158+05:30  INFO 19528 --- [RESTUARANT-SERVICE] [restartedMain] com.netflix.discovery.DiscoveryClient    : Registered Applications size is zero : true
2025-08-13T11:49:40.158+05:30  INFO 19528 --- [RESTUARANT-SERVICE] [restartedMain] com.netflix.discovery.DiscoveryClient    : Application version is -1: true
2025-08-13T11:49:40.159+05:30  INFO 19528 --- [RESTUARANT-SERVICE] [restartedMain] com.netflix.discovery.DiscoveryClient    : Getting all instance registry info from the eureka server
2025-08-13T11:49:40.888+05:30  INFO 19528 --- [RESTUARANT-SERVICE] [restartedMain] com.netflix.discovery.DiscoveryClient    : The response status is 200
2025-08-13T11:49:40.891+05:30  INFO 19528 --- [RESTUARANT-SERVICE] [restartedMain] com.netflix.discovery.DiscoveryClient    : Starting heartbeat executor: renew interval is: 30
2025-08-13T11:49:40.896+05:30  INFO 19528 --- [RESTUARANT-SERVICE] [restartedMain] c.n.discovery.InstanceInfoReplicator     : InstanceInfoReplicator onDemand update allowed rate per min is 4
2025-08-13T11:49:40.901+05:30  INFO 19528 --- [RESTUARANT-SERVICE] [restartedMain] com.netflix.discovery.DiscoveryClient    : Discovery Client initialized at timestamp 1755065980899 with initial instances count: 0
2025-08-13T11:49:40.919+05:30  INFO 19528 --- [RESTUARANT-SERVICE] [restartedMain] o.s.c.n.e.s.EurekaServiceRegistry        : Registering application RESTUARANT-SERVICE with eureka with status UP
2025-08-13T11:49:40.920+05:30  INFO 19528 --- [RESTUARANT-SERVICE] [restartedMain] com.netflix.discovery.DiscoveryClient    : Saw local status change event StatusChangeEvent [timestamp=1755065980920, current=UP, previous=STARTING]
2025-08-13T11:49:40.925+05:30  INFO 19528 --- [RESTUARANT-SERVICE] [DiscoveryClient-InstanceInfoReplicator-%d] com.netflix.discovery.DiscoveryClient    : DiscoveryClient_RESTUARANT-SERVICE/chandu:RESTUARANT-SERVICE: registering service...
2025-08-13T11:49:40.980+05:30  INFO 19528 --- [RESTUARANT-SERVICE] [restartedMain] o.s.b.w.embedded.tomcat.TomcatWebServer  : Tomcat started on port 8080 (http) with context path '/'
2025-08-13T11:49:40.982+05:30  INFO 19528 --- [RESTUARANT-SERVICE] [restartedMain] .s.c.n.e.s.EurekaAutoServiceRegistration : Updating port to 8080
2025-08-13T11:49:41.058+05:30  INFO 19528 --- [RESTUARANT-SERVICE] [DiscoveryClient-InstanceInfoReplicator-%d] com.netflix.discovery.DiscoveryClient    : DiscoveryClient_RESTUARANT-SERVICE/chandu:RESTUARANT-SERVICE - registration status: 204
2025-08-13T11:49:41.061+05:30  INFO 19528 --- [RESTUARANT-SERVICE] [restartedMain] c.w.f.r.RestuarantServiceApplication     : Started RestuarantServiceApplication in 13.816 seconds (process running for 17.939)
2025-08-13T11:49:41.936+05:30  INFO 19528 --- [RESTUARANT-SERVICE] [RMI TCP Connection(7)-127.0.0.1] o.a.c.c.C.[Tomcat].[localhost].[/]       : Initializing Spring DispatcherServlet 'dispatcherServlet'
2025-08-13T11:49:41.937+05:30  INFO 19528 --- [RESTUARANT-SERVICE] [RMI TCP Connection(7)-127.0.0.1] o.s.web.servlet.DispatcherServlet        : Initializing Servlet 'dispatcherServlet'
2025-08-13T11:49:41.941+05:30  INFO 19528 --- [RESTUARANT-SERVICE] [RMI TCP Connection(7)-127.0.0.1] o.s.web.servlet.DispatcherServlet        : Completed initialization in 4 ms
2025-08-13T11:50:10.893+05:30  INFO 19528 --- [RESTUARANT-SERVICE] [DiscoveryClient-CacheRefreshExecutor-%d] com.netflix.discovery.DiscoveryClient    : Disable delta property : false
2025-08-13T11:50:10.895+05:30  INFO 19528 --- [RESTUARANT-SERVICE] [DiscoveryClient-CacheRefreshExecutor-%d] com.netflix.discovery.DiscoveryClient    : Single vip registry refresh property : null
2025-08-13T11:50:10.896+05:30  INFO 19528 --- [RESTUARANT-SERVICE] [DiscoveryClient-CacheRefreshExecutor-%d] com.netflix.discovery.DiscoveryClient    : Force full registry fetch : false
2025-08-13T11:50:10.896+05:30  INFO 19528 --- [RESTUARANT-SERVICE] [DiscoveryClient-CacheRefreshExecutor-%d] com.netflix.discovery.DiscoveryClient    : Application is null : false
2025-08-13T11:50:10.896+05:30  INFO 19528 --- [RESTUARANT-SERVICE] [DiscoveryClient-CacheRefreshExecutor-%d] com.netflix.discovery.DiscoveryClient    : Registered Applications size is zero : true
2025-08-13T11:50:10.896+05:30  INFO 19528 --- [RESTUARANT-SERVICE] [DiscoveryClient-CacheRefreshExecutor-%d] com.netflix.discovery.DiscoveryClient    : Application version is -1: false
2025-08-13T11:50:10.896+05:30  INFO 19528 --- [RESTUARANT-SERVICE] [DiscoveryClient-CacheRefreshExecutor-%d] com.netflix.discovery.DiscoveryClient    : Getting all instance registry info from the eureka server
2025-08-13T11:50:10.935+05:30  INFO 19528 --- [RESTUARANT-SERVICE] [DiscoveryClient-CacheRefreshExecutor-%d] com.netflix.discovery.DiscoveryClient    : The response status is 200
2025-08-13T11:50:44.842+05:30  INFO 19528 --- [RESTUARANT-SERVICE] [http-nio-8080-exec-1] c.w.f.restuarant.aop.LoggingAspect       : ➡ Entering method: Restuarant com.wipro.fooddeliveryapp.restuarant.controlller.RestuarantController.getById(Long) with args: [1]
2025-08-13T11:50:45.031+05:30 ERROR 19528 --- [RESTUARANT-SERVICE] [http-nio-8080-exec-1] c.w.f.restuarant.aop.LoggingAspect       : ❌ Exception in method: Restuarant com.wipro.fooddeliveryapp.restuarant.controlller.RestuarantController.getById(Long) with message: Restaurant not found with ID: 1
2025-08-13T11:50:45.065+05:30  WARN 19528 --- [RESTUARANT-SERVICE] [http-nio-8080-exec-1] .m.m.a.ExceptionHandlerExceptionResolver : Resolved [com.wipro.fooddeliveryapp.restuarant.exception.ResourceNotFoundException: Restaurant not found with ID: 1]
2025-08-13T11:50:54.338+05:30  INFO 19528 --- [RESTUARANT-SERVICE] [http-nio-8080-exec-2] c.w.f.restuarant.aop.LoggingAspect       : ➡ Entering method: Restuarant com.wipro.fooddeliveryapp.restuarant.controlller.RestuarantController.getById(Long) with args: [3]
2025-08-13T11:50:54.362+05:30  INFO 19528 --- [RESTUARANT-SERVICE] [http-nio-8080-exec-2] c.w.f.restuarant.aop.LoggingAspect       : ✅ Method executed: Restuarant com.wipro.fooddeliveryapp.restuarant.controlller.RestuarantController.getById(Long) with result: Restuarant(rid=3, rname=mehfill, raddress=hyd, type=indian)
2025-08-13T11:50:54.365+05:30  INFO 19528 --- [RESTUARANT-SERVICE] [http-nio-8080-exec-2] c.w.f.restuarant.aop.LoggingAspect       : ⏱ Method Restuarant com.wipro.fooddeliveryapp.restuarant.controlller.RestuarantController.getById(Long) executed in 27 ms
2025-08-13T11:51:09.261+05:30  INFO 19528 --- [RESTUARANT-SERVICE] [http-nio-8080-exec-3] c.w.f.restuarant.aop.LoggingAspect       : ➡ Entering method: Restuarant com.wipro.fooddeliveryapp.restuarant.controlller.RestuarantController.getById(Long) with args: [4]
2025-08-13T11:51:09.275+05:30  INFO 19528 --- [RESTUARANT-SERVICE] [http-nio-8080-exec-3] c.w.f.restuarant.aop.LoggingAspect       : ✅ Method executed: Restuarant com.wipro.fooddeliveryapp.restuarant.controlller.RestuarantController.getById(Long) with result: Restuarant(rid=4, rname=The Coastal watch Bay, raddress=Chennai, type=indian)
2025-08-13T11:51:09.276+05:30  INFO 19528 --- [RESTUARANT-SERVICE] [http-nio-8080-exec-3] c.w.f.restuarant.aop.LoggingAspect       : ⏱ Method Restuarant com.wipro.fooddeliveryapp.restuarant.controlller.RestuarantController.getById(Long) executed in 15 ms
2025-08-13T11:53:05.261+05:30  INFO 19528 --- [RESTUARANT-SERVICE] [http-nio-8080-exec-4] c.w.f.restuarant.aop.LoggingAspect       : ➡ Entering method: Restuarant com.wipro.fooddeliveryapp.restuarant.controlller.RestuarantController.getById(Long) with args: [4]
2025-08-13T11:53:05.277+05:30  INFO 19528 --- [RESTUARANT-SERVICE] [http-nio-8080-exec-4] c.w.f.restuarant.aop.LoggingAspect       : ✅ Method executed: Restuarant com.wipro.fooddeliveryapp.restuarant.controlller.RestuarantController.getById(Long) with result: Restuarant(rid=4, rname=The Coastal watch Bay, raddress=Chennai, type=indian)
2025-08-13T11:53:05.277+05:30  INFO 19528 --- [RESTUARANT-SERVICE] [http-nio-8080-exec-4] c.w.f.restuarant.aop.LoggingAspect       : ⏱ Method Restuarant com.wipro.fooddeliveryapp.restuarant.controlller.RestuarantController.getById(Long) executed in 16 ms
2025-08-13T11:54:40.162+05:30  INFO 19528 --- [RESTUARANT-SERVICE] [AsyncResolver-bootstrap-executor-%d] c.n.d.s.r.aws.ConfigClusterResolver      : Resolving eureka endpoints via configuration
2025-08-13T11:59:40.164+05:30  INFO 19528 --- [RESTUARANT-SERVICE] [AsyncResolver-bootstrap-executor-%d] c.n.d.s.r.aws.ConfigClusterResolver      : Resolving eureka endpoints via configuration
2025-08-13T12:04:40.167+05:30  INFO 19528 --- [RESTUARANT-SERVICE] [AsyncResolver-bootstrap-executor-%d] c.n.d.s.r.aws.ConfigClusterResolver      : Resolving eureka endpoints via configuration
2025-08-13T12:09:40.170+05:30  INFO 19528 --- [RESTUARANT-SERVICE] [AsyncResolver-bootstrap-executor-%d] c.n.d.s.r.aws.ConfigClusterResolver      : Resolving eureka endpoints via configuration
2025-08-13T12:14:40.171+05:30  INFO 19528 --- [RESTUARANT-SERVICE] [AsyncResolver-bootstrap-executor-%d] c.n.d.s.r.aws.ConfigClusterResolver      : Resolving eureka endpoints via configuration
2025-08-13T12:19:40.173+05:30  INFO 19528 --- [RESTUARANT-SERVICE] [AsyncResolver-bootstrap-executor-%d] c.n.d.s.r.aws.ConfigClusterResolver      : Resolving eureka endpoints via configuration
2025-08-13T12:24:40.182+05:30  INFO 19528 --- [RESTUARANT-SERVICE] [AsyncResolver-bootstrap-executor-%d] c.n.d.s.r.aws.ConfigClusterResolver      : Resolving eureka endpoints via configuration
2025-08-13T12:29:40.235+05:30  INFO 19528 --- [RESTUARANT-SERVICE] [AsyncResolver-bootstrap-executor-%d] c.n.d.s.r.aws.ConfigClusterResolver      : Resolving eureka endpoints via configuration
2025-08-13T12:34:40.241+05:30  INFO 19528 --- [RESTUARANT-SERVICE] [AsyncResolver-bootstrap-executor-%d] c.n.d.s.r.aws.ConfigClusterResolver      : Resolving eureka endpoints via configuration
2025-08-13T12:37:49.212+05:30  INFO 19528 --- [RESTUARANT-SERVICE] [RMI TCP Connection(60)-127.0.0.1] inMXBeanRegistrar$SpringApplicationAdmin : Application shutdown requested.
2025-08-13T12:37:49.221+05:30  INFO 19528 --- [RESTUARANT-SERVICE] [RMI TCP Connection(61)-127.0.0.1] inMXBeanRegistrar$SpringApplicationAdmin : Application shutdown requested.
2025-08-13T12:37:49.307+05:30  INFO 19528 --- [RESTUARANT-SERVICE] [RMI TCP Connection(60)-127.0.0.1] o.s.c.n.e.s.EurekaServiceRegistry        : Unregistering application RESTUARANT-SERVICE with eureka with status DOWN
2025-08-13T12:37:49.310+05:30  INFO 19528 --- [RESTUARANT-SERVICE] [RMI TCP Connection(60)-127.0.0.1] com.netflix.discovery.DiscoveryClient    : Saw local status change event StatusChangeEvent [timestamp=1755068869309, current=DOWN, previous=UP]
2025-08-13T12:37:49.314+05:30  INFO 19528 --- [RESTUARANT-SERVICE] [DiscoveryClient-InstanceInfoReplicator-%d] com.netflix.discovery.DiscoveryClient    : DiscoveryClient_RESTUARANT-SERVICE/chandu:RESTUARANT-SERVICE: registering service...
2025-08-13T12:37:49.413+05:30  INFO 19528 --- [RESTUARANT-SERVICE] [DiscoveryClient-InstanceInfoReplicator-%d] com.netflix.discovery.DiscoveryClient    : DiscoveryClient_RESTUARANT-SERVICE/chandu:RESTUARANT-SERVICE - registration status: 204
2025-08-13T12:37:49.419+05:30  INFO 19528 --- [RESTUARANT-SERVICE] [RMI TCP Connection(62)-127.0.0.1] inMXBeanRegistrar$SpringApplicationAdmin : Application shutdown requested.
2025-08-13T12:37:49.438+05:30  INFO 19528 --- [RESTUARANT-SERVICE] [RMI TCP Connection(60)-127.0.0.1] o.s.b.w.e.tomcat.GracefulShutdown        : Commencing graceful shutdown. Waiting for active requests to complete
2025-08-13T12:37:49.502+05:30  INFO 19528 --- [RESTUARANT-SERVICE] [tomcat-shutdown] o.s.b.w.e.tomcat.GracefulShutdown        : Graceful shutdown complete
2025-08-13T12:37:49.590+05:30  INFO 19528 --- [RESTUARANT-SERVICE] [RMI TCP Connection(60)-127.0.0.1] j.LocalContainerEntityManagerFactoryBean : Closing JPA EntityManagerFactory for persistence unit 'default'
2025-08-13T12:37:49.676+05:30  INFO 19528 --- [RESTUARANT-SERVICE] [RMI TCP Connection(60)-127.0.0.1] com.zaxxer.hikari.HikariDataSource       : HikariPool-1 - Shutdown initiated...
2025-08-13T12:37:49.700+05:30  INFO 19528 --- [RESTUARANT-SERVICE] [RMI TCP Connection(60)-127.0.0.1] com.zaxxer.hikari.HikariDataSource       : HikariPool-1 - Shutdown completed.
2025-08-13T12:37:49.708+05:30  INFO 19528 --- [RESTUARANT-SERVICE] [RMI TCP Connection(60)-127.0.0.1] com.netflix.discovery.DiscoveryClient    : Shutting down DiscoveryClient ...
2025-08-13T12:40:42.779+05:30  INFO 4628 --- [RESTUARANT-SERVICE] [restartedMain] c.w.f.r.RestuarantServiceApplication     : Starting RestuarantServiceApplication using Java 21.0.7 with PID 4628 (E:\Iiht-Project\RESTUARANT-SERVICE\target\classes started by uttam in E:\Iiht-Project\RESTUARANT-SERVICE)
2025-08-13T12:40:42.783+05:30  INFO 4628 --- [RESTUARANT-SERVICE] [restartedMain] c.w.f.r.RestuarantServiceApplication     : No active profile set, falling back to 1 default profile: "default"
2025-08-13T12:40:42.881+05:30  INFO 4628 --- [RESTUARANT-SERVICE] [restartedMain] .e.DevToolsPropertyDefaultsPostProcessor : Devtools property defaults active! Set 'spring.devtools.add-properties' to 'false' to disable
2025-08-13T12:40:42.881+05:30  INFO 4628 --- [RESTUARANT-SERVICE] [restartedMain] .e.DevToolsPropertyDefaultsPostProcessor : For additional web related logging consider setting the 'logging.level.web' property to 'DEBUG'
2025-08-13T12:40:44.960+05:30  INFO 4628 --- [RESTUARANT-SERVICE] [restartedMain] .s.d.r.c.RepositoryConfigurationDelegate : Bootstrapping Spring Data JPA repositories in DEFAULT mode.
2025-08-13T12:40:45.211+05:30  INFO 4628 --- [RESTUARANT-SERVICE] [restartedMain] .s.d.r.c.RepositoryConfigurationDelegate : Finished Spring Data repository scanning in 235 ms. Found 1 JPA repository interface.
2025-08-13T12:40:45.623+05:30  INFO 4628 --- [RESTUARANT-SERVICE] [restartedMain] o.s.cloud.context.scope.GenericScope     : BeanFactory id=0aaca881-d966-34eb-9ae8-472cf200e1f0
2025-08-13T12:40:46.754+05:30  INFO 4628 --- [RESTUARANT-SERVICE] [restartedMain] o.s.b.w.embedded.tomcat.TomcatWebServer  : Tomcat initialized with port 8080 (http)
2025-08-13T12:40:46.977+05:30  INFO 4628 --- [RESTUARANT-SERVICE] [restartedMain] o.apache.catalina.core.StandardService   : Starting service [Tomcat]
2025-08-13T12:40:46.977+05:30  INFO 4628 --- [RESTUARANT-SERVICE] [restartedMain] o.apache.catalina.core.StandardEngine    : Starting Servlet engine: [Apache Tomcat/10.1.43]
2025-08-13T12:40:47.388+05:30  INFO 4628 --- [RESTUARANT-SERVICE] [restartedMain] o.a.c.c.C.[Tomcat].[localhost].[/]       : Initializing Spring embedded WebApplicationContext
2025-08-13T12:40:47.391+05:30  INFO 4628 --- [RESTUARANT-SERVICE] [restartedMain] w.s.c.ServletWebServerApplicationContext : Root WebApplicationContext: initialization completed in 4508 ms
2025-08-13T12:40:49.551+05:30  INFO 4628 --- [RESTUARANT-SERVICE] [restartedMain] o.hibernate.jpa.internal.util.LogHelper  : HHH000204: Processing PersistenceUnitInfo [name: default]
2025-08-13T12:40:49.788+05:30  INFO 4628 --- [RESTUARANT-SERVICE] [restartedMain] org.hibernate.Version                    : HHH000412: Hibernate ORM core version 6.6.22.Final
2025-08-13T12:40:49.898+05:30  INFO 4628 --- [RESTUARANT-SERVICE] [restartedMain] o.h.c.internal.RegionFactoryInitiator    : HHH000026: Second-level cache disabled
2025-08-13T12:40:51.265+05:30  INFO 4628 --- [RESTUARANT-SERVICE] [restartedMain] o.s.o.j.p.SpringPersistenceUnitInfo      : No LoadTimeWeaver setup: ignoring JPA class transformer
2025-08-13T12:40:51.375+05:30  INFO 4628 --- [RESTUARANT-SERVICE] [restartedMain] com.zaxxer.hikari.HikariDataSource       : HikariPool-1 - Starting...
2025-08-13T12:40:52.726+05:30  INFO 4628 --- [RESTUARANT-SERVICE] [restartedMain] com.zaxxer.hikari.pool.HikariPool        : HikariPool-1 - Added connection com.mysql.cj.jdbc.ConnectionImpl@4c01c14c
2025-08-13T12:40:52.732+05:30  INFO 4628 --- [RESTUARANT-SERVICE] [restartedMain] com.zaxxer.hikari.HikariDataSource       : HikariPool-1 - Start completed.
2025-08-13T12:40:52.881+05:30  WARN 4628 --- [RESTUARANT-SERVICE] [restartedMain] org.hibernate.orm.deprecation            : HHH90000025: MySQLDialect does not need to be specified explicitly using 'hibernate.dialect' (remove the property setting and it will be selected by default)
2025-08-13T12:40:52.935+05:30  INFO 4628 --- [RESTUARANT-SERVICE] [restartedMain] org.hibernate.orm.connections.pooling    : HHH10001005: Database info:
	Database JDBC URL [Connecting through datasource 'HikariDataSource (HikariPool-1)']
	Database driver: undefined/unknown
	Database version: 8.0.41
	Autocommit mode: undefined/unknown
	Isolation level: undefined/unknown
	Minimum pool size: undefined/unknown
	Maximum pool size: undefined/unknown
2025-08-13T12:40:55.557+05:30  INFO 4628 --- [RESTUARANT-SERVICE] [restartedMain] o.h.e.t.j.p.i.JtaPlatformInitiator       : HHH000489: No JTA platform available (set 'hibernate.transaction.jta.platform' to enable JTA platform integration)
2025-08-13T12:40:55.681+05:30  INFO 4628 --- [RESTUARANT-SERVICE] [restartedMain] j.LocalContainerEntityManagerFactoryBean : Initialized JPA EntityManagerFactory for persistence unit 'default'
2025-08-13T12:40:56.232+05:30  WARN 4628 --- [RESTUARANT-SERVICE] [restartedMain] JpaBaseConfiguration$JpaWebConfiguration : spring.jpa.open-in-view is enabled by default. Therefore, database queries may be performed during view rendering. Explicitly configure spring.jpa.open-in-view to disable this warning
2025-08-13T12:40:57.659+05:30  INFO 4628 --- [RESTUARANT-SERVICE] [restartedMain] o.s.b.d.a.OptionalLiveReloadServer       : LiveReload server is running on port 35729
2025-08-13T12:40:57.720+05:30  INFO 4628 --- [RESTUARANT-SERVICE] [restartedMain] DiscoveryClientOptionalArgsConfiguration : Eureka HTTP Client uses RestTemplate.
2025-08-13T12:40:57.817+05:30  WARN 4628 --- [RESTUARANT-SERVICE] [restartedMain] iguration$LoadBalancerCaffeineWarnLogger : Spring Cloud LoadBalancer is currently working with the default cache. While this cache implementation is useful for development and tests, it's recommended to use Caffeine cache in production.You can switch to using Caffeine cache, by adding it and org.springframework.cache.caffeine.CaffeineCacheManager to the classpath.
2025-08-13T12:40:57.877+05:30  INFO 4628 --- [RESTUARANT-SERVICE] [restartedMain] o.s.b.a.e.web.EndpointLinksResolver      : Exposing 1 endpoint beneath base path '/actuator'
2025-08-13T12:40:58.048+05:30  INFO 4628 --- [RESTUARANT-SERVICE] [restartedMain] o.s.c.n.eureka.InstanceInfoFactory       : Setting initial instance status as: STARTING
2025-08-13T12:40:58.121+05:30  INFO 4628 --- [RESTUARANT-SERVICE] [restartedMain] com.netflix.discovery.DiscoveryClient    : Initializing Eureka in region us-east-1
2025-08-13T12:40:58.130+05:30  INFO 4628 --- [RESTUARANT-SERVICE] [restartedMain] c.n.d.s.r.aws.ConfigClusterResolver      : Resolving eureka endpoints via configuration
2025-08-13T12:40:58.146+05:30  INFO 4628 --- [RESTUARANT-SERVICE] [restartedMain] com.netflix.discovery.DiscoveryClient    : Disable delta property : false
2025-08-13T12:40:58.147+05:30  INFO 4628 --- [RESTUARANT-SERVICE] [restartedMain] com.netflix.discovery.DiscoveryClient    : Single vip registry refresh property : null
2025-08-13T12:40:58.147+05:30  INFO 4628 --- [RESTUARANT-SERVICE] [restartedMain] com.netflix.discovery.DiscoveryClient    : Force full registry fetch : false
2025-08-13T12:40:58.147+05:30  INFO 4628 --- [RESTUARANT-SERVICE] [restartedMain] com.netflix.discovery.DiscoveryClient    : Application is null : false
2025-08-13T12:40:58.147+05:30  INFO 4628 --- [RESTUARANT-SERVICE] [restartedMain] com.netflix.discovery.DiscoveryClient    : Registered Applications size is zero : true
2025-08-13T12:40:58.147+05:30  INFO 4628 --- [RESTUARANT-SERVICE] [restartedMain] com.netflix.discovery.DiscoveryClient    : Application version is -1: true
2025-08-13T12:40:58.149+05:30  INFO 4628 --- [RESTUARANT-SERVICE] [restartedMain] com.netflix.discovery.DiscoveryClient    : Getting all instance registry info from the eureka server
2025-08-13T12:40:58.728+05:30  INFO 4628 --- [RESTUARANT-SERVICE] [restartedMain] com.netflix.discovery.DiscoveryClient    : The response status is 200
2025-08-13T12:40:58.729+05:30  INFO 4628 --- [RESTUARANT-SERVICE] [restartedMain] com.netflix.discovery.DiscoveryClient    : Starting heartbeat executor: renew interval is: 30
2025-08-13T12:40:58.732+05:30  INFO 4628 --- [RESTUARANT-SERVICE] [restartedMain] c.n.discovery.InstanceInfoReplicator     : InstanceInfoReplicator onDemand update allowed rate per min is 4
2025-08-13T12:40:58.735+05:30  INFO 4628 --- [RESTUARANT-SERVICE] [restartedMain] com.netflix.discovery.DiscoveryClient    : Discovery Client initialized at timestamp 1755069058733 with initial instances count: 0
2025-08-13T12:40:58.753+05:30  INFO 4628 --- [RESTUARANT-SERVICE] [restartedMain] o.s.c.n.e.s.EurekaServiceRegistry        : Registering application RESTUARANT-SERVICE with eureka with status UP
2025-08-13T12:40:58.755+05:30  INFO 4628 --- [RESTUARANT-SERVICE] [restartedMain] com.netflix.discovery.DiscoveryClient    : Saw local status change event StatusChangeEvent [timestamp=1755069058755, current=UP, previous=STARTING]
2025-08-13T12:40:58.760+05:30  INFO 4628 --- [RESTUARANT-SERVICE] [DiscoveryClient-InstanceInfoReplicator-%d] com.netflix.discovery.DiscoveryClient    : DiscoveryClient_RESTUARANT-SERVICE/chandu:RESTUARANT-SERVICE: registering service...
2025-08-13T12:40:58.798+05:30  INFO 4628 --- [RESTUARANT-SERVICE] [restartedMain] o.s.b.w.embedded.tomcat.TomcatWebServer  : Tomcat started on port 8080 (http) with context path '/'
2025-08-13T12:40:58.799+05:30  INFO 4628 --- [RESTUARANT-SERVICE] [restartedMain] .s.c.n.e.s.EurekaAutoServiceRegistration : Updating port to 8080
2025-08-13T12:40:58.835+05:30  INFO 4628 --- [RESTUARANT-SERVICE] [DiscoveryClient-InstanceInfoReplicator-%d] com.netflix.discovery.DiscoveryClient    : DiscoveryClient_RESTUARANT-SERVICE/chandu:RESTUARANT-SERVICE - registration status: 204
2025-08-13T12:40:58.847+05:30  INFO 4628 --- [RESTUARANT-SERVICE] [restartedMain] c.w.f.r.RestuarantServiceApplication     : Started RestuarantServiceApplication in 16.884 seconds (process running for 18.41)
2025-08-13T12:40:59.538+05:30  INFO 4628 --- [RESTUARANT-SERVICE] [RMI TCP Connection(9)-127.0.0.1] o.a.c.c.C.[Tomcat].[localhost].[/]       : Initializing Spring DispatcherServlet 'dispatcherServlet'
2025-08-13T12:40:59.538+05:30  INFO 4628 --- [RESTUARANT-SERVICE] [RMI TCP Connection(9)-127.0.0.1] o.s.web.servlet.DispatcherServlet        : Initializing Servlet 'dispatcherServlet'
2025-08-13T12:40:59.542+05:30  INFO 4628 --- [RESTUARANT-SERVICE] [RMI TCP Connection(9)-127.0.0.1] o.s.web.servlet.DispatcherServlet        : Completed initialization in 4 ms
2025-08-13T12:41:28.733+05:30  INFO 4628 --- [RESTUARANT-SERVICE] [DiscoveryClient-CacheRefreshExecutor-%d] com.netflix.discovery.DiscoveryClient    : Disable delta property : false
2025-08-13T12:41:28.733+05:30  INFO 4628 --- [RESTUARANT-SERVICE] [DiscoveryClient-CacheRefreshExecutor-%d] com.netflix.discovery.DiscoveryClient    : Single vip registry refresh property : null
2025-08-13T12:41:28.733+05:30  INFO 4628 --- [RESTUARANT-SERVICE] [DiscoveryClient-CacheRefreshExecutor-%d] com.netflix.discovery.DiscoveryClient    : Force full registry fetch : false
2025-08-13T12:41:28.733+05:30  INFO 4628 --- [RESTUARANT-SERVICE] [DiscoveryClient-CacheRefreshExecutor-%d] com.netflix.discovery.DiscoveryClient    : Application is null : false
2025-08-13T12:41:28.733+05:30  INFO 4628 --- [RESTUARANT-SERVICE] [DiscoveryClient-CacheRefreshExecutor-%d] com.netflix.discovery.DiscoveryClient    : Registered Applications size is zero : true
2025-08-13T12:41:28.733+05:30  INFO 4628 --- [RESTUARANT-SERVICE] [DiscoveryClient-CacheRefreshExecutor-%d] com.netflix.discovery.DiscoveryClient    : Application version is -1: false
2025-08-13T12:41:28.733+05:30  INFO 4628 --- [RESTUARANT-SERVICE] [DiscoveryClient-CacheRefreshExecutor-%d] com.netflix.discovery.DiscoveryClient    : Getting all instance registry info from the eureka server
2025-08-13T12:41:28.759+05:30  INFO 4628 --- [RESTUARANT-SERVICE] [DiscoveryClient-CacheRefreshExecutor-%d] com.netflix.discovery.DiscoveryClient    : The response status is 200
2025-08-13T12:45:58.152+05:30  INFO 4628 --- [RESTUARANT-SERVICE] [AsyncResolver-bootstrap-executor-%d] c.n.d.s.r.aws.ConfigClusterResolver      : Resolving eureka endpoints via configuration
2025-08-13T12:46:03.600+05:30  INFO 4628 --- [RESTUARANT-SERVICE] [RMI TCP Connection(17)-127.0.0.1] inMXBeanRegistrar$SpringApplicationAdmin : Application shutdown requested.
2025-08-13T12:46:03.602+05:30  INFO 4628 --- [RESTUARANT-SERVICE] [RMI TCP Connection(20)-127.0.0.1] inMXBeanRegistrar$SpringApplicationAdmin : Application shutdown requested.
2025-08-13T12:46:03.612+05:30  INFO 4628 --- [RESTUARANT-SERVICE] [RMI TCP Connection(17)-127.0.0.1] o.s.c.n.e.s.EurekaServiceRegistry        : Unregistering application RESTUARANT-SERVICE with eureka with status DOWN
2025-08-13T12:46:03.613+05:30  INFO 4628 --- [RESTUARANT-SERVICE] [RMI TCP Connection(17)-127.0.0.1] com.netflix.discovery.DiscoveryClient    : Saw local status change event StatusChangeEvent [timestamp=1755069363613, current=DOWN, previous=UP]
2025-08-13T12:46:03.614+05:30  INFO 4628 --- [RESTUARANT-SERVICE] [DiscoveryClient-InstanceInfoReplicator-%d] com.netflix.discovery.DiscoveryClient    : DiscoveryClient_RESTUARANT-SERVICE/chandu:RESTUARANT-SERVICE: registering service...
2025-08-13T12:46:03.630+05:30  INFO 4628 --- [RESTUARANT-SERVICE] [DiscoveryClient-InstanceInfoReplicator-%d] com.netflix.discovery.DiscoveryClient    : DiscoveryClient_RESTUARANT-SERVICE/chandu:RESTUARANT-SERVICE - registration status: 204
2025-08-13T12:46:03.648+05:30  INFO 4628 --- [RESTUARANT-SERVICE] [RMI TCP Connection(17)-127.0.0.1] o.s.b.w.e.tomcat.GracefulShutdown        : Commencing graceful shutdown. Waiting for active requests to complete
2025-08-13T12:46:03.680+05:30  INFO 4628 --- [RESTUARANT-SERVICE] [tomcat-shutdown] o.s.b.w.e.tomcat.GracefulShutdown        : Graceful shutdown complete
2025-08-13T12:46:03.711+05:30  INFO 4628 --- [RESTUARANT-SERVICE] [RMI TCP Connection(17)-127.0.0.1] j.LocalContainerEntityManagerFactoryBean : Closing JPA EntityManagerFactory for persistence unit 'default'
2025-08-13T12:46:03.746+05:30  INFO 4628 --- [RESTUARANT-SERVICE] [RMI TCP Connection(17)-127.0.0.1] com.zaxxer.hikari.HikariDataSource       : HikariPool-1 - Shutdown initiated...
2025-08-13T12:46:03.795+05:30  INFO 4628 --- [RESTUARANT-SERVICE] [RMI TCP Connection(17)-127.0.0.1] com.zaxxer.hikari.HikariDataSource       : HikariPool-1 - Shutdown completed.
2025-08-13T12:46:03.799+05:30  INFO 4628 --- [RESTUARANT-SERVICE] [RMI TCP Connection(17)-127.0.0.1] com.netflix.discovery.DiscoveryClient    : Shutting down DiscoveryClient ...
